c:\users\xapur\source\repos\forked\gpusmoke\x64\release\vc142.pdb
c:\users\xapur\source\repos\forked\gpusmoke\x64\release\miniz.obj
c:\users\xapur\source\repos\forked\gpusmoke\x64\release\renderer.obj
c:\users\xapur\source\repos\forked\gpusmoke\x64\release\object.obj
c:\users\xapur\source\repos\forked\gpusmoke\x64\release\imgui_impl_opengl3.obj
c:\users\xapur\source\repos\forked\gpusmoke\x64\release\imgui_draw.obj
c:\users\xapur\source\repos\forked\gpusmoke\x64\release\timeline.obj
c:\users\xapur\source\repos\forked\gpusmoke\x64\release\imcurveedit.obj
c:\users\xapur\source\repos\forked\gpusmoke\x64\release\vertexbuffer.obj
c:\users\xapur\source\repos\forked\gpusmoke\x64\release\imgui_demo.obj
c:\users\xapur\source\repos\forked\gpusmoke\x64\release\imgui_tables.obj
c:\users\xapur\source\repos\forked\gpusmoke\x64\release\vertexarray.obj
c:\users\xapur\source\repos\forked\gpusmoke\x64\release\tinyvdbio.obj
c:\users\xapur\source\repos\forked\gpusmoke\x64\release\indexbuffer.obj
c:\users\xapur\source\repos\forked\gpusmoke\x64\release\shader.obj
c:\users\xapur\source\repos\forked\gpusmoke\x64\release\double_buffer.obj
c:\users\xapur\source\repos\forked\gpusmoke\x64\release\texture.obj
c:\users\xapur\source\repos\forked\gpusmoke\x64\release\imgui.obj
c:\users\xapur\source\repos\forked\gpusmoke\x64\release\imgui_widgets.obj
c:\users\xapur\source\repos\forked\gpusmoke\x64\release\imgui_impl_glfw.obj
c:\users\xapur\source\repos\forked\gpusmoke\x64\release\unified_buffer.obj
c:\users\xapur\source\repos\forked\gpusmoke\x64\release\voxelize.cu.obj
c:\users\xapur\source\repos\forked\gpusmoke\x64\release\voxelize.cuh.obj
c:\users\xapur\source\repos\forked\gpusmoke\x64\release\common.h.obj
c:\users\xapur\source\repos\forked\gpusmoke\x64\release\computeprimitives.h.obj
c:\users\xapur\source\repos\forked\gpusmoke\x64\release\voxelize_solid.cu.obj
c:\users\xapur\source\repos\forked\gpusmoke\x64\release\main.cu.obj
c:\users\xapur\source\repos\forked\gpusmoke\x64\release\hugescalesolver.cu.obj
c:\users\xapur\source\repos\forked\gpusmoke\x64\release\read_nanovdb_sphere_accessor_cuda.cu.obj
c:\users\xapur\source\repos\forked\gpusmoke\x64\release\jflowalpha.lib
c:\users\xapur\source\repos\forked\gpusmoke\x64\release\jflowalpha.exp
c:\users\xapur\source\repos\forked\gpusmoke\x64\release\jflowalpha.ipdb
c:\users\xapur\source\repos\forked\gpusmoke\x64\release\jflowalpha.iobj
c:\users\xapur\source\repos\forked\gpusmoke\x64\release\jflowalpha.exe
c:\users\xapur\source\repos\forked\gpusmoke\x64\release\jflowalpha.pdb
c:\users\xapur\source\repos\forked\gpusmoke\x64\release\common.h.cache
c:\users\xapur\source\repos\forked\gpusmoke\x64\release\computeprimitives.h.cache
c:\users\xapur\source\repos\forked\gpusmoke\x64\release\hugescalesolver.cu.cache
c:\users\xapur\source\repos\forked\gpusmoke\x64\release\main.cu.cache
c:\users\xapur\source\repos\forked\gpusmoke\x64\release\read_nanovdb_sphere_accessor_cuda.cu.cache
c:\users\xapur\source\repos\forked\gpusmoke\x64\release\voxelize.cu.cache
c:\users\xapur\source\repos\forked\gpusmoke\x64\release\voxelize.cuh.cache
c:\users\xapur\source\repos\forked\gpusmoke\x64\release\voxelize_solid.cu.cache
c:\users\xapur\source\repos\forked\gpusmoke\x64\release\jflow.tlog\cl.command.1.tlog
c:\users\xapur\source\repos\forked\gpusmoke\x64\release\jflow.tlog\cl.read.1.tlog
c:\users\xapur\source\repos\forked\gpusmoke\x64\release\jflow.tlog\cl.write.1.tlog
c:\users\xapur\source\repos\forked\gpusmoke\x64\release\jflow.tlog\cudacompile.read.1u.tlog
c:\users\xapur\source\repos\forked\gpusmoke\x64\release\jflow.tlog\cudacompile.write.1u.tlog
c:\users\xapur\source\repos\forked\gpusmoke\x64\release\jflow.tlog\jflow.write.1u.tlog
c:\users\xapur\source\repos\forked\gpusmoke\x64\release\jflow.tlog\link.command.1.tlog
c:\users\xapur\source\repos\forked\gpusmoke\x64\release\jflow.tlog\link.read.1.tlog
c:\users\xapur\source\repos\forked\gpusmoke\x64\release\jflow.tlog\link.write.1.tlog
